{
  "stats": {
    "suites": 7,
    "tests": 7,
    "passes": 5,
    "pending": 0,
    "failures": 2,
    "start": "2021-01-22T09:29:13.013Z",
    "end": "2021-01-22T09:36:06.431Z",
    "duration": 413418,
    "testsRegistered": 31,
    "passPercent": 16.129032258064516,
    "pendingPercent": 0,
    "other": 0,
    "hasOther": false,
    "skipped": 24,
    "hasSkipped": true
  },
  "results": [
    {
      "uuid": "14155ea3-dc07-4cfb-be7b-c801a22a67cd",
      "title": "",
      "fullFile": "",
      "file": "",
      "beforeHooks": [],
      "afterHooks": [],
      "tests": [],
      "suites": [
        {
          "uuid": "bac30da7-c490-430f-ac7b-25594ed5be59",
          "title": "Appsero",
          "fullFile": "/Users/wedevs/Desktop/Automation/Appero Release/appsero_automation/tests/accounts/accounts_01_notification_test.js",
          "file": "/tests/accounts/accounts_01_notification_test.js",
          "beforeHooks": [
            {
              "title": "\"before all\" hook: codeceptjs.beforeSuite",
              "fullTitle": "Appsero \"before all\" hook: codeceptjs.beforeSuite",
              "timedOut": false,
              "duration": 0,
              "state": null,
              "speed": null,
              "pass": false,
              "fail": false,
              "pending": false,
              "context": null,
              "code": "scenario.suiteSetup(suite)",
              "err": {},
              "uuid": "7a2efaab-a9b4-4fca-ba93-8c0f25583164",
              "parentUUID": null,
              "isHook": true,
              "skipped": false
            },
            {
              "title": "\"before each\" hook: codeceptjs.before",
              "fullTitle": "Appsero \"before each\" hook: codeceptjs.before",
              "timedOut": false,
              "duration": 0,
              "state": null,
              "speed": null,
              "pass": false,
              "fail": false,
              "pending": false,
              "context": null,
              "code": "scenario.setup(suite)",
              "err": {},
              "uuid": "b2b3360f-643e-454c-8216-d2b7dff54c61",
              "parentUUID": null,
              "isHook": true,
              "skipped": false
            }
          ],
          "afterHooks": [
            {
              "title": "\"after all\" hook: codeceptjs.afterSuite",
              "fullTitle": "Appsero \"after all\" hook: codeceptjs.afterSuite",
              "timedOut": false,
              "duration": 0,
              "state": null,
              "speed": null,
              "pass": false,
              "fail": false,
              "pending": false,
              "context": null,
              "code": "scenario.suiteTeardown(suite)",
              "err": {},
              "uuid": "9b0ae312-afe9-4da5-8e8a-29ca05f44527",
              "parentUUID": null,
              "isHook": true,
              "skipped": false
            },
            {
              "title": "\"after each\" hook: finalize codeceptjs",
              "fullTitle": "Appsero \"after each\" hook: finalize codeceptjs",
              "timedOut": false,
              "duration": 0,
              "state": null,
              "speed": null,
              "pass": false,
              "fail": false,
              "pending": false,
              "context": null,
              "code": "scenario.teardown(suite)",
              "err": {},
              "uuid": "2817ef2a-f82e-4e4f-9dc3-8f844f8a0082",
              "parentUUID": null,
              "isHook": true,
              "skipped": false
            }
          ],
          "tests": [
            {
              "title": "@accounts Toggle Notification @accounts",
              "fullTitle": "Appsero: @accounts Toggle Notification @accounts",
              "timedOut": false,
              "duration": 0,
              "state": null,
              "speed": null,
              "pass": false,
              "fail": false,
              "pending": false,
              "context": null,
              "code": "I }) => {\n  I.amOnPage('https://staging.appsero.com/login');\n  I.fillField('Email Address', 'alvitazwar@wedevs.com');\n  I.fillField('Password','crisis052');\n  I.click('Log in');\n  I.see('Plugins');\n  I.click('//*[@id=\"app\"]/section/section/header/div[2]/a');\n  I.click('Account');\n  I.click('Notification Settings');\n  I.click('.ant-card-body > div:nth-of-type(1) > button[role=\"switch\"]');\n  I.see('Notification Settings Updated Successfully.');\n  I.click('.ant-card-body > div:nth-of-type(1) > button[role=\"switch\"]');\n  I.see('Notification Settings Updated Successfully.');\n  I.click('div:nth-of-type(3) > button[role=\"switch\"]');\n  I.see('Notification Settings Updated Successfully.');\n  I.click('div:nth-of-type(3) > button[role=\"switch\"]');\n  I.see('Notification Settings Updated Successfully.');",
              "err": {},
              "uuid": "c00af324-3682-45d8-a4d5-7744b6c47092",
              "parentUUID": null,
              "isHook": false,
              "skipped": true
            }
          ],
          "suites": [],
          "passes": [],
          "failures": [],
          "pending": [],
          "skipped": [
            "c00af324-3682-45d8-a4d5-7744b6c47092"
          ],
          "duration": 0,
          "root": false,
          "rootEmpty": false,
          "_timeout": 0
        },
        {
          "uuid": "c6cd8923-8855-42a0-9281-5fc7f25368ed",
          "title": "Appsero",
          "fullFile": "/Users/wedevs/Desktop/Automation/Appero Release/appsero_automation/tests/accounts/accounts_02_password_test.js",
          "file": "/tests/accounts/accounts_02_password_test.js",
          "beforeHooks": [
            {
              "title": "\"before all\" hook: codeceptjs.beforeSuite",
              "fullTitle": "Appsero \"before all\" hook: codeceptjs.beforeSuite",
              "timedOut": false,
              "duration": 0,
              "state": null,
              "speed": null,
              "pass": false,
              "fail": false,
              "pending": false,
              "context": null,
              "code": "scenario.suiteSetup(suite)",
              "err": {},
              "uuid": "886454f2-6e92-4948-935c-c7f3da0eb1b8",
              "parentUUID": null,
              "isHook": true,
              "skipped": false
            },
            {
              "title": "\"before each\" hook: codeceptjs.before",
              "fullTitle": "Appsero \"before each\" hook: codeceptjs.before",
              "timedOut": false,
              "duration": 0,
              "state": null,
              "speed": null,
              "pass": false,
              "fail": false,
              "pending": false,
              "context": null,
              "code": "scenario.setup(suite)",
              "err": {},
              "uuid": "1e7e3a36-6bee-4627-badf-b31c80047036",
              "parentUUID": null,
              "isHook": true,
              "skipped": false
            }
          ],
          "afterHooks": [
            {
              "title": "\"after all\" hook: codeceptjs.afterSuite",
              "fullTitle": "Appsero \"after all\" hook: codeceptjs.afterSuite",
              "timedOut": false,
              "duration": 0,
              "state": null,
              "speed": null,
              "pass": false,
              "fail": false,
              "pending": false,
              "context": null,
              "code": "scenario.suiteTeardown(suite)",
              "err": {},
              "uuid": "64f73ef0-6820-4cda-a056-b1393dcd561d",
              "parentUUID": null,
              "isHook": true,
              "skipped": false
            },
            {
              "title": "\"after each\" hook: finalize codeceptjs",
              "fullTitle": "Appsero \"after each\" hook: finalize codeceptjs",
              "timedOut": false,
              "duration": 0,
              "state": null,
              "speed": null,
              "pass": false,
              "fail": false,
              "pending": false,
              "context": null,
              "code": "scenario.teardown(suite)",
              "err": {},
              "uuid": "99bd75f5-dc7c-4dc7-918e-a8f28dc3bc4b",
              "parentUUID": null,
              "isHook": true,
              "skipped": false
            }
          ],
          "tests": [
            {
              "title": "@accounts Password @accounts",
              "fullTitle": "Appsero: @accounts Password @accounts",
              "timedOut": false,
              "duration": 0,
              "state": null,
              "speed": null,
              "pass": false,
              "fail": false,
              "pending": false,
              "context": null,
              "code": "I }) => {\n  I.amOnPage('https://staging.appsero.com/login');\n  I.fillField('Email Address', 'alvitazwar@wedevs.com');\n  I.fillField('Password','Crisis052');\n  I.click('Log in');\n  I.see('Plugins');\n  I.click('//*[@id=\"app\"]/section/section/header/div[2]/a');\n  I.click('Account');\n  I.click('Security');\n  I.fillField('Current Password','Crisis052');\n  I.fillField('New Password','crisis052');\n  I.fillField('Confirm New Password','crisis052');\n  I.click('Update Profile');\n  I.click('Update Profile');\n  I.see('Password Updated Successfully.');",
              "err": {},
              "uuid": "992dea78-a652-4cbc-86ed-b8f10fa5c18f",
              "parentUUID": null,
              "isHook": false,
              "skipped": true
            }
          ],
          "suites": [],
          "passes": [],
          "failures": [],
          "pending": [],
          "skipped": [
            "992dea78-a652-4cbc-86ed-b8f10fa5c18f"
          ],
          "duration": 0,
          "root": false,
          "rootEmpty": false,
          "_timeout": 0
        },
        {
          "uuid": "86f5e9ad-17ba-4ebc-8757-22e840478eda",
          "title": "Appsero",
          "fullFile": "/Users/wedevs/Desktop/Automation/Appero Release/appsero_automation/tests/accounts/accounts_03_createapi_test.js",
          "file": "/tests/accounts/accounts_03_createapi_test.js",
          "beforeHooks": [
            {
              "title": "\"before all\" hook: codeceptjs.beforeSuite",
              "fullTitle": "Appsero \"before all\" hook: codeceptjs.beforeSuite",
              "timedOut": false,
              "duration": 0,
              "state": null,
              "speed": null,
              "pass": false,
              "fail": false,
              "pending": false,
              "context": null,
              "code": "scenario.suiteSetup(suite)",
              "err": {},
              "uuid": "290a2d04-eea6-4a52-9955-0d8cf22d4fdd",
              "parentUUID": null,
              "isHook": true,
              "skipped": false
            },
            {
              "title": "\"before each\" hook: codeceptjs.before",
              "fullTitle": "Appsero \"before each\" hook: codeceptjs.before",
              "timedOut": false,
              "duration": 0,
              "state": null,
              "speed": null,
              "pass": false,
              "fail": false,
              "pending": false,
              "context": null,
              "code": "scenario.setup(suite)",
              "err": {},
              "uuid": "44a23ed8-f31e-4cc7-97e6-1b877c89fe8d",
              "parentUUID": null,
              "isHook": true,
              "skipped": false
            }
          ],
          "afterHooks": [
            {
              "title": "\"after all\" hook: codeceptjs.afterSuite",
              "fullTitle": "Appsero \"after all\" hook: codeceptjs.afterSuite",
              "timedOut": false,
              "duration": 0,
              "state": null,
              "speed": null,
              "pass": false,
              "fail": false,
              "pending": false,
              "context": null,
              "code": "scenario.suiteTeardown(suite)",
              "err": {},
              "uuid": "e1cf2469-007f-42ea-b1ad-49f31ba01721",
              "parentUUID": null,
              "isHook": true,
              "skipped": false
            },
            {
              "title": "\"after each\" hook: finalize codeceptjs",
              "fullTitle": "Appsero \"after each\" hook: finalize codeceptjs",
              "timedOut": false,
              "duration": 0,
              "state": null,
              "speed": null,
              "pass": false,
              "fail": false,
              "pending": false,
              "context": null,
              "code": "scenario.teardown(suite)",
              "err": {},
              "uuid": "ed2db41e-fd24-41db-9dc1-b964426f498e",
              "parentUUID": null,
              "isHook": true,
              "skipped": false
            }
          ],
          "tests": [
            {
              "title": "@accounts api create @accounts",
              "fullTitle": "Appsero: @accounts api create @accounts",
              "timedOut": false,
              "duration": 0,
              "state": null,
              "speed": null,
              "pass": false,
              "fail": false,
              "pending": false,
              "context": null,
              "code": "I }) => {\n  I.amOnPage('https://staging.appsero.com/login');\n  I.fillField('Email Address', 'alvitazwar@wedevs.com');\n  I.fillField('Password','crisis052');\n  I.click('Log in');\n  I.see('Plugins');\n  I.click('//*[@id=\"app\"]/section/aside/div/div[2]/ul/li[6]/a');\n  I.click('//div[@class=\"ant-row-flex ant-row-flex-middle ant-row-flex-space-between page-heading\"]/button[@type=\"button\"]');\n  I.see('Not connected');",
              "err": {},
              "uuid": "e9118280-f33f-4ddd-a94e-a65fa99c3c51",
              "parentUUID": null,
              "isHook": false,
              "skipped": true
            }
          ],
          "suites": [],
          "passes": [],
          "failures": [],
          "pending": [],
          "skipped": [
            "e9118280-f33f-4ddd-a94e-a65fa99c3c51"
          ],
          "duration": 0,
          "root": false,
          "rootEmpty": false,
          "_timeout": 0
        },
        {
          "uuid": "7e1c7257-2573-4bd3-9749-ff7e848df506",
          "title": "Appsero",
          "fullFile": "/Users/wedevs/Desktop/Automation/Appero Release/appsero_automation/tests/accounts/accounts_04_deleteapi_test.js",
          "file": "/tests/accounts/accounts_04_deleteapi_test.js",
          "beforeHooks": [
            {
              "title": "\"before all\" hook: codeceptjs.beforeSuite",
              "fullTitle": "Appsero \"before all\" hook: codeceptjs.beforeSuite",
              "timedOut": false,
              "duration": 0,
              "state": null,
              "speed": null,
              "pass": false,
              "fail": false,
              "pending": false,
              "context": null,
              "code": "scenario.suiteSetup(suite)",
              "err": {},
              "uuid": "d57d8acf-12e7-47c5-95c4-a482763ec2c6",
              "parentUUID": null,
              "isHook": true,
              "skipped": false
            },
            {
              "title": "\"before each\" hook: codeceptjs.before",
              "fullTitle": "Appsero \"before each\" hook: codeceptjs.before",
              "timedOut": false,
              "duration": 0,
              "state": null,
              "speed": null,
              "pass": false,
              "fail": false,
              "pending": false,
              "context": null,
              "code": "scenario.setup(suite)",
              "err": {},
              "uuid": "4804ec9e-32d7-4d62-a4c8-08da0a1f93d1",
              "parentUUID": null,
              "isHook": true,
              "skipped": false
            }
          ],
          "afterHooks": [
            {
              "title": "\"after all\" hook: codeceptjs.afterSuite",
              "fullTitle": "Appsero \"after all\" hook: codeceptjs.afterSuite",
              "timedOut": false,
              "duration": 0,
              "state": null,
              "speed": null,
              "pass": false,
              "fail": false,
              "pending": false,
              "context": null,
              "code": "scenario.suiteTeardown(suite)",
              "err": {},
              "uuid": "6e210436-d7e8-43e2-9ecf-62ed7708b468",
              "parentUUID": null,
              "isHook": true,
              "skipped": false
            },
            {
              "title": "\"after each\" hook: finalize codeceptjs",
              "fullTitle": "Appsero \"after each\" hook: finalize codeceptjs",
              "timedOut": false,
              "duration": 0,
              "state": null,
              "speed": null,
              "pass": false,
              "fail": false,
              "pending": false,
              "context": null,
              "code": "scenario.teardown(suite)",
              "err": {},
              "uuid": "c80379b1-7a4d-433c-8cb4-136161433aca",
              "parentUUID": null,
              "isHook": true,
              "skipped": false
            }
          ],
          "tests": [
            {
              "title": "@accounts api delete @accounts",
              "fullTitle": "Appsero: @accounts api delete @accounts",
              "timedOut": false,
              "duration": 0,
              "state": null,
              "speed": null,
              "pass": false,
              "fail": false,
              "pending": false,
              "context": null,
              "code": "I }) => {\n  I.amOnPage('https://staging.appsero.com/login');\n  I.fillField('Email Address', 'alvitazwar@wedevs.com');\n  I.fillField('Password','crisis052');\n  I.click('Log in');\n  I.see('Plugins');\n  I.click('//*[@id=\"app\"]/section/aside/div/div[2]/ul/li[6]/a');\n  I.see('Not connected');\n  I.click('//*[@id=\"app\"]//div[2]/table/tbody/tr[2]/td[4]/button');\n  I.click('Yes');\n  I.see('API Key Deleted Successfully.');",
              "err": {},
              "uuid": "d39eeb94-4701-40ad-a2cf-3eacf3e05b7a",
              "parentUUID": null,
              "isHook": false,
              "skipped": true
            }
          ],
          "suites": [],
          "passes": [],
          "failures": [],
          "pending": [],
          "skipped": [
            "d39eeb94-4701-40ad-a2cf-3eacf3e05b7a"
          ],
          "duration": 0,
          "root": false,
          "rootEmpty": false,
          "_timeout": 0
        },
        {
          "uuid": "04ed0292-5dfd-414e-9dad-a0059fc55c4d",
          "title": "Appsero",
          "fullFile": "/Users/wedevs/Desktop/Automation/Appero Release/appsero_automation/tests/accounts/accounts_05_profilevalid_test.js",
          "file": "/tests/accounts/accounts_05_profilevalid_test.js",
          "beforeHooks": [
            {
              "title": "\"before all\" hook: codeceptjs.beforeSuite",
              "fullTitle": "Appsero \"before all\" hook: codeceptjs.beforeSuite",
              "timedOut": false,
              "duration": 0,
              "state": null,
              "speed": null,
              "pass": false,
              "fail": false,
              "pending": false,
              "context": null,
              "code": "scenario.suiteSetup(suite)",
              "err": {},
              "uuid": "b00f1563-889f-43d0-8708-33327313db93",
              "parentUUID": null,
              "isHook": true,
              "skipped": false
            },
            {
              "title": "\"before each\" hook: codeceptjs.before",
              "fullTitle": "Appsero \"before each\" hook: codeceptjs.before",
              "timedOut": false,
              "duration": 0,
              "state": null,
              "speed": null,
              "pass": false,
              "fail": false,
              "pending": false,
              "context": null,
              "code": "scenario.setup(suite)",
              "err": {},
              "uuid": "bf147d68-2285-42e5-b541-fefdf21a2db5",
              "parentUUID": null,
              "isHook": true,
              "skipped": false
            }
          ],
          "afterHooks": [
            {
              "title": "\"after all\" hook: codeceptjs.afterSuite",
              "fullTitle": "Appsero \"after all\" hook: codeceptjs.afterSuite",
              "timedOut": false,
              "duration": 0,
              "state": null,
              "speed": null,
              "pass": false,
              "fail": false,
              "pending": false,
              "context": null,
              "code": "scenario.suiteTeardown(suite)",
              "err": {},
              "uuid": "598d6b0e-2103-4e39-a0e0-1d02199549b5",
              "parentUUID": null,
              "isHook": true,
              "skipped": false
            },
            {
              "title": "\"after each\" hook: finalize codeceptjs",
              "fullTitle": "Appsero \"after each\" hook: finalize codeceptjs",
              "timedOut": false,
              "duration": 0,
              "state": null,
              "speed": null,
              "pass": false,
              "fail": false,
              "pending": false,
              "context": null,
              "code": "scenario.teardown(suite)",
              "err": {},
              "uuid": "99c6ed71-0017-4b46-9d7e-99a7a72a0bd0",
              "parentUUID": null,
              "isHook": true,
              "skipped": false
            }
          ],
          "tests": [
            {
              "title": "@accounts profile update @accounts",
              "fullTitle": "Appsero: @accounts profile update @accounts",
              "timedOut": false,
              "duration": 0,
              "state": null,
              "speed": null,
              "pass": false,
              "fail": false,
              "pending": false,
              "context": null,
              "code": "I }) => {\n  I.amOnPage('https://staging.appsero.com/login');\n  I.fillField('Email Address', 'alvitazwar@wedevs.com');\n  I.fillField('Password','crisis052');\n  I.click('Log in');\n  I.see('Plugins');\n  //I.click('//*[@id=\"app\"]/section/aside/div/div[2]/ul/li[6]/a');\n  I.amOnPage('https://staging.appsero.com/profile/');\n  I.clearField('First Name');\n  I.fillField('First Name','Alvi');\n  I.clearField('Last Name');\n  I.fillField('Last Name','Tazwar');\n  I.click('Update Profile');\n  I.see('Profile updated successfully!');",
              "err": {},
              "uuid": "ad735de1-1c01-41d4-9a9c-c3f58f22f382",
              "parentUUID": null,
              "isHook": false,
              "skipped": true
            }
          ],
          "suites": [],
          "passes": [],
          "failures": [],
          "pending": [],
          "skipped": [
            "ad735de1-1c01-41d4-9a9c-c3f58f22f382"
          ],
          "duration": 0,
          "root": false,
          "rootEmpty": false,
          "_timeout": 0
        },
        {
          "uuid": "6a22069f-4acb-49c3-9654-51e2e6937677",
          "title": "Appsero",
          "fullFile": "/Users/wedevs/Desktop/Automation/Appero Release/appsero_automation/tests/analytics/analytics_01_userreport_test.js",
          "file": "/tests/analytics/analytics_01_userreport_test.js",
          "beforeHooks": [
            {
              "title": "\"before all\" hook: codeceptjs.beforeSuite",
              "fullTitle": "Appsero \"before all\" hook: codeceptjs.beforeSuite",
              "timedOut": false,
              "duration": 0,
              "state": null,
              "speed": null,
              "pass": false,
              "fail": false,
              "pending": false,
              "context": null,
              "code": "scenario.suiteSetup(suite)",
              "err": {},
              "uuid": "c4b27d07-91a6-4b0b-9b70-3ff4e706663d",
              "parentUUID": null,
              "isHook": true,
              "skipped": false
            },
            {
              "title": "\"before each\" hook: codeceptjs.before",
              "fullTitle": "Appsero \"before each\" hook: codeceptjs.before",
              "timedOut": false,
              "duration": 0,
              "state": null,
              "speed": null,
              "pass": false,
              "fail": false,
              "pending": false,
              "context": null,
              "code": "scenario.setup(suite)",
              "err": {},
              "uuid": "18fdea44-5caf-4774-94fc-31b6b8a8add7",
              "parentUUID": null,
              "isHook": true,
              "skipped": false
            }
          ],
          "afterHooks": [
            {
              "title": "\"after all\" hook: codeceptjs.afterSuite",
              "fullTitle": "Appsero \"after all\" hook: codeceptjs.afterSuite",
              "timedOut": false,
              "duration": 0,
              "state": null,
              "speed": null,
              "pass": false,
              "fail": false,
              "pending": false,
              "context": null,
              "code": "scenario.suiteTeardown(suite)",
              "err": {},
              "uuid": "14656856-3eea-4810-b7b8-90187a112e69",
              "parentUUID": null,
              "isHook": true,
              "skipped": false
            },
            {
              "title": "\"after each\" hook: finalize codeceptjs",
              "fullTitle": "Appsero \"after each\" hook: finalize codeceptjs",
              "timedOut": false,
              "duration": 0,
              "state": null,
              "speed": null,
              "pass": false,
              "fail": false,
              "pending": false,
              "context": null,
              "code": "scenario.teardown(suite)",
              "err": {},
              "uuid": "fe60230f-9743-4d5a-bc09-c69e519096bc",
              "parentUUID": null,
              "isHook": true,
              "skipped": false
            }
          ],
          "tests": [
            {
              "title": "@analytics user report export @analytics",
              "fullTitle": "Appsero: @analytics user report export @analytics",
              "timedOut": false,
              "duration": 0,
              "state": null,
              "speed": null,
              "pass": false,
              "fail": false,
              "pending": false,
              "context": null,
              "code": "I }) => {\n  I.amOnPage('https://staging.appsero.com/login');\n  I.fillField('Email Address', 'alvitazwar@wedevs.com');\n  I.fillField('Password','crisis052');\n  I.click('Log in');\n  I.see('Plugins');\n  //I.click('//*[@id=\"app\"]/section/section/header/div[2]/a');\n  //I.click('Teams');\n  I.amOnPage('https://staging.appsero.com/plugins');\n  I.click('envato plg test');\n  //I.refreshPage();\n  //I.click('//*[@id=\"app\"]//main//div[2]/div[2]/div//div[3]/a');\n  //I.waitForElement('/html/body/div[3]/div/div/ul/li/span',30);\n  I.click('Analytics');\n  I.amOnPage('https://staging.appsero.com/plugins/envato-plg-test/users');\n  I.click('Export');\n  I.wait(4);\n  //I.waitForElement('//body/div[3]/span/div/div/div/div[2]');\n  //I.see('//body/div[3]/span/div/div/div/div[2]')\n  //I.waitForElement('//div[@class=\"ant-dropdown ant-dropdown-placement-bottomRight\"]/ul[@role=\"menu\"]/li[@role=\"menuitem\"]/span[.=\" Remove \"]',30);",
              "err": {},
              "uuid": "d2f0d2e9-feab-45fc-a0d1-29f16cb4a20b",
              "parentUUID": null,
              "isHook": false,
              "skipped": true
            }
          ],
          "suites": [],
          "passes": [],
          "failures": [],
          "pending": [],
          "skipped": [
            "d2f0d2e9-feab-45fc-a0d1-29f16cb4a20b"
          ],
          "duration": 0,
          "root": false,
          "rootEmpty": false,
          "_timeout": 0
        },
        {
          "uuid": "3b7ec774-4f25-49e4-8e68-62b701e0256b",
          "title": "Appsero",
          "fullFile": "/Users/wedevs/Desktop/Automation/Appero Release/appsero_automation/tests/analytics/analytics_02_deactivation_test.js",
          "file": "/tests/analytics/analytics_02_deactivation_test.js",
          "beforeHooks": [
            {
              "title": "\"before all\" hook: codeceptjs.beforeSuite",
              "fullTitle": "Appsero \"before all\" hook: codeceptjs.beforeSuite",
              "timedOut": false,
              "duration": 0,
              "state": null,
              "speed": null,
              "pass": false,
              "fail": false,
              "pending": false,
              "context": null,
              "code": "scenario.suiteSetup(suite)",
              "err": {},
              "uuid": "97d42744-481b-4b58-bbf3-40650dcc4c65",
              "parentUUID": null,
              "isHook": true,
              "skipped": false
            },
            {
              "title": "\"before each\" hook: codeceptjs.before",
              "fullTitle": "Appsero \"before each\" hook: codeceptjs.before",
              "timedOut": false,
              "duration": 0,
              "state": null,
              "speed": null,
              "pass": false,
              "fail": false,
              "pending": false,
              "context": null,
              "code": "scenario.setup(suite)",
              "err": {},
              "uuid": "7f8b4e70-a4be-4c82-bf5b-70aab4f3a60f",
              "parentUUID": null,
              "isHook": true,
              "skipped": false
            }
          ],
          "afterHooks": [
            {
              "title": "\"after all\" hook: codeceptjs.afterSuite",
              "fullTitle": "Appsero \"after all\" hook: codeceptjs.afterSuite",
              "timedOut": false,
              "duration": 0,
              "state": null,
              "speed": null,
              "pass": false,
              "fail": false,
              "pending": false,
              "context": null,
              "code": "scenario.suiteTeardown(suite)",
              "err": {},
              "uuid": "ec2e69c2-dbd6-43ba-a711-6d54e5eae49e",
              "parentUUID": null,
              "isHook": true,
              "skipped": false
            },
            {
              "title": "\"after each\" hook: finalize codeceptjs",
              "fullTitle": "Appsero \"after each\" hook: finalize codeceptjs",
              "timedOut": false,
              "duration": 0,
              "state": null,
              "speed": null,
              "pass": false,
              "fail": false,
              "pending": false,
              "context": null,
              "code": "scenario.teardown(suite)",
              "err": {},
              "uuid": "5ea460d3-e519-44ad-a94d-9fed91da7ec2",
              "parentUUID": null,
              "isHook": true,
              "skipped": false
            }
          ],
          "tests": [
            {
              "title": "@analytics deactivations report export @analytics",
              "fullTitle": "Appsero: @analytics deactivations report export @analytics",
              "timedOut": false,
              "duration": 0,
              "state": null,
              "speed": null,
              "pass": false,
              "fail": false,
              "pending": false,
              "context": null,
              "code": "I }) => {\n  I.amOnPage('https://staging.appsero.com/login');\n  I.fillField('Email Address', 'alvitazwar@wedevs.com');\n  I.fillField('Password','crisis052');\n  I.click('Log in');\n  I.see('Plugins');\n  //I.click('//*[@id=\"app\"]/section/section/header/div[2]/a');\n  //I.click('Teams');\n  I.amOnPage('https://staging.appsero.com/plugins');\n  I.click('envato plg test');\n  //I.refreshPage();\n  //I.click('//*[@id=\"app\"]//main//div[2]/div[2]/div//div[3]/a');\n  //I.waitForElement('/html/body/div[3]/div/div/ul/li/span',30);\n  I.click('Analytics');\n  I.amOnPage('https://staging.appsero.com/plugins/envato-plg-test/deactivations');\n  I.waitForElement('//*[@id=\"app\"]/section/section/main/div/div[1]/div[2]/button',30);\n  I.click('//*[@id=\"app\"]/section/section/main/div/div[1]/div[2]/button');\n  I.click('Export');\n  I.wait(4);\n  //I.waitForElement('//body/div[3]/span/div/div/div/div[2]');\n  //I.see('//body/div[3]/span/div/div/div/div[2]')\n  //I.waitForElement('//div[@class=\"ant-dropdown ant-dropdown-placement-bottomRight\"]/ul[@role=\"menu\"]/li[@role=\"menuitem\"]/span[.=\" Remove \"]',30);",
              "err": {},
              "uuid": "af0b337b-c631-4d11-94d7-729030308550",
              "parentUUID": null,
              "isHook": false,
              "skipped": true
            }
          ],
          "suites": [],
          "passes": [],
          "failures": [],
          "pending": [],
          "skipped": [
            "af0b337b-c631-4d11-94d7-729030308550"
          ],
          "duration": 0,
          "root": false,
          "rootEmpty": false,
          "_timeout": 0
        },
        {
          "uuid": "e11857fb-5b9a-44f3-b71b-77168ce68ffb",
          "title": "Appsero",
          "fullFile": "/Users/wedevs/Desktop/Automation/Appero Release/appsero_automation/tests/analytics/analytics_03_customerexport_test.js",
          "file": "/tests/analytics/analytics_03_customerexport_test.js",
          "beforeHooks": [
            {
              "title": "\"before all\" hook: codeceptjs.beforeSuite",
              "fullTitle": "Appsero \"before all\" hook: codeceptjs.beforeSuite",
              "timedOut": false,
              "duration": 0,
              "state": null,
              "speed": null,
              "pass": false,
              "fail": false,
              "pending": false,
              "context": null,
              "code": "scenario.suiteSetup(suite)",
              "err": {},
              "uuid": "4523b494-ca08-459c-94f7-12cc9d2a20c6",
              "parentUUID": null,
              "isHook": true,
              "skipped": false
            },
            {
              "title": "\"before each\" hook: codeceptjs.before",
              "fullTitle": "Appsero \"before each\" hook: codeceptjs.before",
              "timedOut": false,
              "duration": 0,
              "state": null,
              "speed": null,
              "pass": false,
              "fail": false,
              "pending": false,
              "context": null,
              "code": "scenario.setup(suite)",
              "err": {},
              "uuid": "fdc00d7a-00cc-4ad2-9d72-86f995eac7a0",
              "parentUUID": null,
              "isHook": true,
              "skipped": false
            }
          ],
          "afterHooks": [
            {
              "title": "\"after all\" hook: codeceptjs.afterSuite",
              "fullTitle": "Appsero \"after all\" hook: codeceptjs.afterSuite",
              "timedOut": false,
              "duration": 0,
              "state": null,
              "speed": null,
              "pass": false,
              "fail": false,
              "pending": false,
              "context": null,
              "code": "scenario.suiteTeardown(suite)",
              "err": {},
              "uuid": "af643130-1f90-43da-90c4-1016247713f3",
              "parentUUID": null,
              "isHook": true,
              "skipped": false
            },
            {
              "title": "\"after each\" hook: finalize codeceptjs",
              "fullTitle": "Appsero \"after each\" hook: finalize codeceptjs",
              "timedOut": false,
              "duration": 0,
              "state": null,
              "speed": null,
              "pass": false,
              "fail": false,
              "pending": false,
              "context": null,
              "code": "scenario.teardown(suite)",
              "err": {},
              "uuid": "59a021ec-b03a-4005-92a0-f8a3490716c0",
              "parentUUID": null,
              "isHook": true,
              "skipped": false
            }
          ],
          "tests": [
            {
              "title": "@analytics customer export @analytics",
              "fullTitle": "Appsero: @analytics customer export @analytics",
              "timedOut": false,
              "duration": 0,
              "state": null,
              "speed": null,
              "pass": false,
              "fail": false,
              "pending": false,
              "context": null,
              "code": "I }) => {\n  I.amOnPage('https://staging.appsero.com/login');\n  I.fillField('Email Address', 'alvitazwar@wedevs.com');\n  I.fillField('Password','crisis052');\n  I.click('Log in');\n  I.see('Plugins');\n  //I.click('//*[@id=\"app\"]/section/section/header/div[2]/a');\n  //I.click('Teams');\n  I.amOnPage('https://staging.appsero.com/plugins');\n  I.click('TEST prod subscription');\n  //I.refreshPage();\n  //I.click('//*[@id=\"app\"]//main//div[2]/div[2]/div//div[3]/a');\n  //I.waitForElement('/html/body/div[3]/div/div/ul/li/span',30);\n  I.click('Sales');\n  I.amOnPage('https://staging.appsero.com/plugins/test-prod-subscription/sales/customers');\n  I.click('Export');\n  I.see('customers');\n  I.wait(5);\n  //I.waitForElement('//body/div[3]/span/div/div/div/div[2]');\n  //I.see('//body/div[3]/span/div/div/div/div[2]')\n  //I.waitForElement('//div[@class=\"ant-dropdown ant-dropdown-placement-bottomRight\"]/ul[@role=\"menu\"]/li[@role=\"menuitem\"]/span[.=\" Remove \"]',30);",
              "err": {},
              "uuid": "3175609d-6a14-4d6f-8050-4206d435ce0c",
              "parentUUID": null,
              "isHook": false,
              "skipped": true
            }
          ],
          "suites": [],
          "passes": [],
          "failures": [],
          "pending": [],
          "skipped": [
            "3175609d-6a14-4d6f-8050-4206d435ce0c"
          ],
          "duration": 0,
          "root": false,
          "rootEmpty": false,
          "_timeout": 0
        },
        {
          "uuid": "63dce11b-1361-4c24-9549-c0d3b3fa239f",
          "title": "Appsero",
          "fullFile": "/Users/wedevs/Desktop/Automation/Appero Release/appsero_automation/tests/analytics/analytics_04_licenseexport_test.js",
          "file": "/tests/analytics/analytics_04_licenseexport_test.js",
          "beforeHooks": [
            {
              "title": "\"before all\" hook: codeceptjs.beforeSuite",
              "fullTitle": "Appsero \"before all\" hook: codeceptjs.beforeSuite",
              "timedOut": false,
              "duration": 0,
              "state": null,
              "speed": null,
              "pass": false,
              "fail": false,
              "pending": false,
              "context": null,
              "code": "scenario.suiteSetup(suite)",
              "err": {},
              "uuid": "33883a8f-16c7-4c62-b5e8-20685a6a2df3",
              "parentUUID": null,
              "isHook": true,
              "skipped": false
            },
            {
              "title": "\"before each\" hook: codeceptjs.before",
              "fullTitle": "Appsero \"before each\" hook: codeceptjs.before",
              "timedOut": false,
              "duration": 0,
              "state": null,
              "speed": null,
              "pass": false,
              "fail": false,
              "pending": false,
              "context": null,
              "code": "scenario.setup(suite)",
              "err": {},
              "uuid": "cd2e52ea-95b9-4b7a-bc12-dacea3b52560",
              "parentUUID": null,
              "isHook": true,
              "skipped": false
            }
          ],
          "afterHooks": [
            {
              "title": "\"after all\" hook: codeceptjs.afterSuite",
              "fullTitle": "Appsero \"after all\" hook: codeceptjs.afterSuite",
              "timedOut": false,
              "duration": 0,
              "state": null,
              "speed": null,
              "pass": false,
              "fail": false,
              "pending": false,
              "context": null,
              "code": "scenario.suiteTeardown(suite)",
              "err": {},
              "uuid": "a6be1fc2-46ab-43e8-8b55-68f9f04a5289",
              "parentUUID": null,
              "isHook": true,
              "skipped": false
            },
            {
              "title": "\"after each\" hook: finalize codeceptjs",
              "fullTitle": "Appsero \"after each\" hook: finalize codeceptjs",
              "timedOut": false,
              "duration": 0,
              "state": null,
              "speed": null,
              "pass": false,
              "fail": false,
              "pending": false,
              "context": null,
              "code": "scenario.teardown(suite)",
              "err": {},
              "uuid": "88e4b4f3-bfe9-44b5-8ced-68340d6920bd",
              "parentUUID": null,
              "isHook": true,
              "skipped": false
            }
          ],
          "tests": [
            {
              "title": "@analytics licenses Export @analytics",
              "fullTitle": "Appsero: @analytics licenses Export @analytics",
              "timedOut": false,
              "duration": 0,
              "state": null,
              "speed": null,
              "pass": false,
              "fail": false,
              "pending": false,
              "context": null,
              "code": "I }) => {\n  I.amOnPage('https://staging.appsero.com/login');\n  I.fillField('Email Address', 'alvitazwar@wedevs.com');\n  I.fillField('Password','crisis052');\n  I.click('Log in');\n  I.see('Plugins');\n  //I.click('//*[@id=\"app\"]/section/section/header/div[2]/a');\n  //I.click('Teams');\n  I.amOnPage('https://staging.appsero.com/plugins');\n  I.click('envato plg test');\n  //I.refreshPage();\n  //I.click('//*[@id=\"app\"]//main//div[2]/div[2]/div//div[3]/a');\n  //I.waitForElement('/html/body/div[3]/div/div/ul/li/span',30);\n  I.click('Licenses');\n  I.amOnPage('https://staging.appsero.com/plugins/envato-plg-test/licenses');\n  I.click('Export');\n  I.waitForElement('//*[@id=\"app\"]/section/section/main/div/div[2]/div/div/div/div/div/h3',5);\n  I.see('No licenses found.')\n  I.wait(3);\n  //I.waitForElement('//div[@class=\"ant-dropdown ant-dropdown-placement-bottomRight\"]/ul[@role=\"menu\"]/li[@role=\"menuitem\"]/span[.=\" Remove \"]',30);",
              "err": {},
              "uuid": "19241715-f53d-4d29-b873-44e7655b689c",
              "parentUUID": null,
              "isHook": false,
              "skipped": true
            }
          ],
          "suites": [],
          "passes": [],
          "failures": [],
          "pending": [],
          "skipped": [
            "19241715-f53d-4d29-b873-44e7655b689c"
          ],
          "duration": 0,
          "root": false,
          "rootEmpty": false,
          "_timeout": 0
        },
        {
          "uuid": "3c5b355f-eb12-4f39-8e08-f59a5f1d1a79",
          "title": "Appsero",
          "fullFile": "/Users/wedevs/Desktop/Automation/Appero Release/appsero_automation/tests/analytics/analytics_05_createorder_invalid_test.js",
          "file": "/tests/analytics/analytics_05_createorder_invalid_test.js",
          "beforeHooks": [
            {
              "title": "\"before all\" hook: codeceptjs.beforeSuite",
              "fullTitle": "Appsero \"before all\" hook: codeceptjs.beforeSuite",
              "timedOut": false,
              "duration": 0,
              "state": null,
              "speed": null,
              "pass": false,
              "fail": false,
              "pending": false,
              "context": null,
              "code": "scenario.suiteSetup(suite)",
              "err": {},
              "uuid": "33e6da48-613e-4a62-9429-dce62a358ba2",
              "parentUUID": null,
              "isHook": true,
              "skipped": false
            },
            {
              "title": "\"before each\" hook: codeceptjs.before",
              "fullTitle": "Appsero \"before each\" hook: codeceptjs.before",
              "timedOut": false,
              "duration": 0,
              "state": null,
              "speed": null,
              "pass": false,
              "fail": false,
              "pending": false,
              "context": null,
              "code": "scenario.setup(suite)",
              "err": {},
              "uuid": "7760c230-bcc7-4809-a9d9-adf38db73d27",
              "parentUUID": null,
              "isHook": true,
              "skipped": false
            }
          ],
          "afterHooks": [
            {
              "title": "\"after all\" hook: codeceptjs.afterSuite",
              "fullTitle": "Appsero \"after all\" hook: codeceptjs.afterSuite",
              "timedOut": false,
              "duration": 0,
              "state": null,
              "speed": null,
              "pass": false,
              "fail": false,
              "pending": false,
              "context": null,
              "code": "scenario.suiteTeardown(suite)",
              "err": {},
              "uuid": "96ca254e-7158-414a-8614-d70289bcfda1",
              "parentUUID": null,
              "isHook": true,
              "skipped": false
            },
            {
              "title": "\"after each\" hook: finalize codeceptjs",
              "fullTitle": "Appsero \"after each\" hook: finalize codeceptjs",
              "timedOut": false,
              "duration": 0,
              "state": null,
              "speed": null,
              "pass": false,
              "fail": false,
              "pending": false,
              "context": null,
              "code": "scenario.teardown(suite)",
              "err": {},
              "uuid": "f53ba37b-6037-4caa-860c-fc11e6c3b19d",
              "parentUUID": null,
              "isHook": true,
              "skipped": false
            }
          ],
          "tests": [
            {
              "title": "@analytics create order invalid @analytics",
              "fullTitle": "Appsero: @analytics create order invalid @analytics",
              "timedOut": false,
              "duration": 0,
              "state": null,
              "speed": null,
              "pass": false,
              "fail": false,
              "pending": false,
              "context": null,
              "code": "I }) => {\n  I.amOnPage('https://staging.appsero.com/login');\n  I.fillField('Email Address', 'alvitazwar@wedevs.com');\n  I.fillField('Password','crisis052');\n  I.click('Log in');\n  I.see('Plugins');\n  I.amOnPage('https://staging.appsero.com/plugins');\n  I.click('TEST prod subscription');\n  I.click('Sales');\n  I.amOnPage('https://staging.appsero.com/plugins/envato-plg-test/sales/orders');\n  I.click('Create Order');\n  I.fillField('Customer Name','Automated');\n  I.fillField('Customer Email','customer.com');\n  I.fillField('Customer Phone','asvaa');\n  I.fillField('Price','asda');\n  I.fillField('Discount','abed')\n  I.click('Submit');\n  I.see('Unknown error occurred.');\n  I.say('Not Validate properly');",
              "err": {},
              "uuid": "5233ea7e-2c21-4b35-be40-cc4e6e74737a",
              "parentUUID": null,
              "isHook": false,
              "skipped": true
            }
          ],
          "suites": [],
          "passes": [],
          "failures": [],
          "pending": [],
          "skipped": [
            "5233ea7e-2c21-4b35-be40-cc4e6e74737a"
          ],
          "duration": 0,
          "root": false,
          "rootEmpty": false,
          "_timeout": 0
        },
        {
          "uuid": "0ec15ebe-403e-40c5-b72c-45ddd29faae9",
          "title": "Appsero",
          "fullFile": "/Users/wedevs/Desktop/Automation/Appero Release/appsero_automation/tests/analytics/analytics_06_createorder_valid_test.js",
          "file": "/tests/analytics/analytics_06_createorder_valid_test.js",
          "beforeHooks": [
            {
              "title": "\"before all\" hook: codeceptjs.beforeSuite",
              "fullTitle": "Appsero \"before all\" hook: codeceptjs.beforeSuite",
              "timedOut": false,
              "duration": 0,
              "state": null,
              "speed": null,
              "pass": false,
              "fail": false,
              "pending": false,
              "context": null,
              "code": "scenario.suiteSetup(suite)",
              "err": {},
              "uuid": "42b556b5-72a2-4a91-b4c3-d4df796fa22b",
              "parentUUID": null,
              "isHook": true,
              "skipped": false
            },
            {
              "title": "\"before each\" hook: codeceptjs.before",
              "fullTitle": "Appsero \"before each\" hook: codeceptjs.before",
              "timedOut": false,
              "duration": 0,
              "state": null,
              "speed": null,
              "pass": false,
              "fail": false,
              "pending": false,
              "context": null,
              "code": "scenario.setup(suite)",
              "err": {},
              "uuid": "274a1d83-bef7-44f0-94bb-0500147cd649",
              "parentUUID": null,
              "isHook": true,
              "skipped": false
            }
          ],
          "afterHooks": [
            {
              "title": "\"after all\" hook: codeceptjs.afterSuite",
              "fullTitle": "Appsero \"after all\" hook: codeceptjs.afterSuite",
              "timedOut": false,
              "duration": 0,
              "state": null,
              "speed": null,
              "pass": false,
              "fail": false,
              "pending": false,
              "context": null,
              "code": "scenario.suiteTeardown(suite)",
              "err": {},
              "uuid": "a8ab5cc9-7edf-4018-a939-e24ff04c6c8c",
              "parentUUID": null,
              "isHook": true,
              "skipped": false
            },
            {
              "title": "\"after each\" hook: finalize codeceptjs",
              "fullTitle": "Appsero \"after each\" hook: finalize codeceptjs",
              "timedOut": false,
              "duration": 0,
              "state": null,
              "speed": null,
              "pass": false,
              "fail": false,
              "pending": false,
              "context": null,
              "code": "scenario.teardown(suite)",
              "err": {},
              "uuid": "02aecfe5-d0e8-4ba4-ac31-653aeccb7d91",
              "parentUUID": null,
              "isHook": true,
              "skipped": false
            }
          ],
          "tests": [
            {
              "title": "@analytics create order valid @analytics",
              "fullTitle": "Appsero: @analytics create order valid @analytics",
              "timedOut": false,
              "duration": 0,
              "state": null,
              "speed": null,
              "pass": false,
              "fail": false,
              "pending": false,
              "context": null,
              "code": "I }) => {\n    I.amOnPage('https://staging.appsero.com/login');\n    I.fillField('Email Address', 'alvitazwar@wedevs.com');\n    I.fillField('Password', 'crisis052');\n    I.click('Log in');\n    I.see('Plugins');\n    I.amOnPage('https://staging.appsero.com/plugins');\n    I.click('envato plg test');\n    I.click('Sales');\n    I.amOnPage('https://staging.appsero.com/plugins/envato-plg-test/sales/orders');\n    I.click('Create Order');\n    I.fillField('Customer Name', 'Automated_Valid');\n    I.fillField('Customer Email', 'customer@gm.com');\n    I.fillField('Customer Phone', '2321');\n    I.fillField('Price', '22');\n    I.fillField('Discount', '32');\n    I.click('Submit');\n    I.see('Sent Successfully');\n    I.wait(2);\n    I.see('Automated_Valid');",
              "err": {},
              "uuid": "c78b68ef-3860-43d6-902e-8c4905900727",
              "parentUUID": null,
              "isHook": false,
              "skipped": true
            }
          ],
          "suites": [],
          "passes": [],
          "failures": [],
          "pending": [],
          "skipped": [
            "c78b68ef-3860-43d6-902e-8c4905900727"
          ],
          "duration": 0,
          "root": false,
          "rootEmpty": false,
          "_timeout": 0
        },
        {
          "uuid": "f083f12f-cf75-4187-8305-b4433ae89568",
          "title": "Appsero",
          "fullFile": "/Users/wedevs/Desktop/Automation/Appero Release/appsero_automation/tests/analytics/analytics_07_license_edit_test.js",
          "file": "/tests/analytics/analytics_07_license_edit_test.js",
          "beforeHooks": [
            {
              "title": "\"before all\" hook: codeceptjs.beforeSuite",
              "fullTitle": "Appsero \"before all\" hook: codeceptjs.beforeSuite",
              "timedOut": false,
              "duration": 0,
              "state": null,
              "speed": null,
              "pass": false,
              "fail": false,
              "pending": false,
              "context": null,
              "code": "scenario.suiteSetup(suite)",
              "err": {},
              "uuid": "4a645774-933a-4770-a474-b33362c9d83b",
              "parentUUID": null,
              "isHook": true,
              "skipped": false
            },
            {
              "title": "\"before each\" hook: codeceptjs.before",
              "fullTitle": "Appsero \"before each\" hook: codeceptjs.before",
              "timedOut": false,
              "duration": 0,
              "state": null,
              "speed": null,
              "pass": false,
              "fail": false,
              "pending": false,
              "context": null,
              "code": "scenario.setup(suite)",
              "err": {},
              "uuid": "160ca1b8-fc6b-4ddd-9a5a-628f1e314551",
              "parentUUID": null,
              "isHook": true,
              "skipped": false
            }
          ],
          "afterHooks": [
            {
              "title": "\"after all\" hook: codeceptjs.afterSuite",
              "fullTitle": "Appsero \"after all\" hook: codeceptjs.afterSuite",
              "timedOut": false,
              "duration": 0,
              "state": null,
              "speed": null,
              "pass": false,
              "fail": false,
              "pending": false,
              "context": null,
              "code": "scenario.suiteTeardown(suite)",
              "err": {},
              "uuid": "5c4b9d87-aa2c-4f7d-8306-91ec2a524c48",
              "parentUUID": null,
              "isHook": true,
              "skipped": false
            },
            {
              "title": "\"after each\" hook: finalize codeceptjs",
              "fullTitle": "Appsero \"after each\" hook: finalize codeceptjs",
              "timedOut": false,
              "duration": 0,
              "state": null,
              "speed": null,
              "pass": false,
              "fail": false,
              "pending": false,
              "context": null,
              "code": "scenario.teardown(suite)",
              "err": {},
              "uuid": "10df2238-0b91-411b-9e3b-76122f22fb50",
              "parentUUID": null,
              "isHook": true,
              "skipped": false
            }
          ],
          "tests": [
            {
              "title": "@analytics Edit License @analytics",
              "fullTitle": "Appsero: @analytics Edit License @analytics",
              "timedOut": false,
              "duration": 0,
              "state": null,
              "speed": null,
              "pass": false,
              "fail": false,
              "pending": false,
              "context": null,
              "code": "I }) => {\n    I.amOnPage('https://staging.appsero.com/login');\n    \n    I.fillField('Email Address', 'alvitazwar@wedevs.com');\n    I.fillField('Password', 'crisis052');\n    I.click('Log in');\n    I.see('Plugins');\n    I.amOnPage('https://staging.appsero.com/plugins');\n    I.click('TEST prod subscription');\n    I.click('Sales');\n    I.amOnPage('https://staging.appsero.com/plugins/test-prod-subscription/licenses');\n    I.amOnPage('https://staging.appsero.com/plugins/test-prod-subscription/license/74');\n    //I.click(' table > tbody > tr:nth-child(1) > td.tcol-action > button.mr-8.ant-btn > a');\n    \n    \n    //I.waitForClickable('div.align-right.ant-col.ant-col-12 > button',5);\n    I.click('Edit');\n    //Calendar Access\n    I.click(' div > span > span > div > input');\n    I.click(' div > span > a.ant-calendar-month-select');\n    I.click(' span.ant-calendar-month-panel-year-select-content');\n    I.click(' span.ant-calendar-year-panel-decade-select-content');\n    I.click(' a.ant-calendar-decade-panel-next-century-btn');\n    I.click('table > tbody > tr:nth-child(2) > td:nth-child(2) > a');\n    I.doubleClick('a.ant-calendar-year-panel-next-decade-btn');\n    I.doubleClick('a.ant-calendar-year-panel-next-decade-btn');\n    I.doubleClick('a.ant-calendar-year-panel-next-decade-btn');\n    I.doubleClick('a.ant-calendar-year-panel-next-decade-btn');\n    I.doubleClick('a.ant-calendar-year-panel-next-decade-btn');\n    I.click('table > tbody > tr:nth-child(2) > td:nth-child(2) > a');\n    I.click('table > tbody > tr:nth-child(2) > td:nth-child(2) > a');\n    I.click(' table > tbody > tr:nth-child(3) > td:nth-child(3) > div');\n    I.click(' span > input');\n    I.fillField('Activation Limit','5');\n    I.click('Create');\n    I.see('Updated successfully.');",
              "err": {},
              "uuid": "5cba598c-3d04-4c72-838f-98877a29fca0",
              "parentUUID": null,
              "isHook": false,
              "skipped": true
            }
          ],
          "suites": [],
          "passes": [],
          "failures": [],
          "pending": [],
          "skipped": [
            "5cba598c-3d04-4c72-838f-98877a29fca0"
          ],
          "duration": 0,
          "root": false,
          "rootEmpty": false,
          "_timeout": 0
        },
        {
          "uuid": "ccaffaaa-fdf4-4764-89b6-2f4679471b6e",
          "title": "Appsero",
          "fullFile": "/Users/wedevs/Desktop/Automation/Appero Release/appsero_automation/tests/email/email_01_insert_emaildigest_test.js",
          "file": "/tests/email/email_01_insert_emaildigest_test.js",
          "beforeHooks": [
            {
              "title": "\"before all\" hook: codeceptjs.beforeSuite in \"Appsero\"",
              "fullTitle": "Appsero \"before all\" hook: codeceptjs.beforeSuite in \"Appsero\"",
              "timedOut": false,
              "duration": 1,
              "state": null,
              "speed": null,
              "pass": false,
              "fail": false,
              "pending": false,
              "context": null,
              "code": "scenario.suiteSetup(suite)",
              "err": {},
              "uuid": "5a9d0c66-f293-496d-b257-eaecada36b02",
              "parentUUID": "ccaffaaa-fdf4-4764-89b6-2f4679471b6e",
              "isHook": true,
              "skipped": false
            },
            {
              "title": "\"before each\" hook: codeceptjs.before in \"Appsero\"",
              "fullTitle": "Appsero \"before each\" hook: codeceptjs.before in \"Appsero\"",
              "timedOut": false,
              "duration": 4416,
              "state": null,
              "speed": null,
              "pass": false,
              "fail": false,
              "pending": false,
              "context": null,
              "code": "scenario.setup(suite)",
              "err": {},
              "uuid": "4d083d16-5c23-4eaf-96e8-c0779806f76f",
              "parentUUID": "ccaffaaa-fdf4-4764-89b6-2f4679471b6e",
              "isHook": true,
              "skipped": false
            }
          ],
          "afterHooks": [
            {
              "title": "\"after all\" hook: codeceptjs.afterSuite in \"Appsero\"",
              "fullTitle": "Appsero \"after all\" hook: codeceptjs.afterSuite in \"Appsero\"",
              "timedOut": false,
              "duration": 16,
              "state": null,
              "speed": null,
              "pass": false,
              "fail": false,
              "pending": false,
              "context": null,
              "code": "scenario.suiteTeardown(suite)",
              "err": {},
              "uuid": "6ac90094-ffda-4afb-a04d-ff538e8853d8",
              "parentUUID": "ccaffaaa-fdf4-4764-89b6-2f4679471b6e",
              "isHook": true,
              "skipped": false
            },
            {
              "title": "\"after each\" hook: finalize codeceptjs in \"Appsero\"",
              "fullTitle": "Appsero \"after each\" hook: finalize codeceptjs in \"Appsero\"",
              "timedOut": false,
              "duration": 394,
              "state": null,
              "speed": null,
              "pass": false,
              "fail": false,
              "pending": false,
              "context": null,
              "code": "scenario.teardown(suite)",
              "err": {},
              "uuid": "fbf01747-8015-4474-9cc7-0ecc8be393e5",
              "parentUUID": "ccaffaaa-fdf4-4764-89b6-2f4679471b6e",
              "isHook": true,
              "skipped": false
            }
          ],
          "tests": [
            {
              "title": "@email insert email digest valid @email",
              "fullTitle": "Appsero: @email insert email digest valid @email",
              "timedOut": false,
              "duration": 54713,
              "state": "failed",
              "speed": null,
              "pass": false,
              "fail": true,
              "pending": false,
              "context": null,
              "code": "I }) => {\n  I.loginAsAdmin();\n  I.amOnPage('https://staging.appsero.com/plugins');\n  I.click('envato plg test');\n  I.click('Email');\n  I.amOnPage('https://staging.appsero.com/plugins/envato-plg-test/email-digest');\n  I.click('Add Email Digest');\n  I.fillField('Send To', helper.range(2, () => faker.internet.email()).join(','));\n  I.click('//*[@id=\"frequency\"]/div/div');\n  I.click('//div[@class=\"ant-select-dropdown-content\"]/ul[@role=\"listbox\"]/li[2]');\n  I.click('//*[@id=\"send_on\"]/div/div');\n  I.click('//div[@class=\"ant-select-dropdown-content\"]/ul[@role=\"listbox\"]/li[5]');\n  I.fillField('Digest Name','Test automation');\n  I.click('Submit');\n  I.see('Test automation');",
              "err": {
                "message": "Error: Clickable element \"Add Email Digest\" was not found by text|CSS|XPath",
                "estack": "Error: Clickable element \"Add Email Digest\" was not found by text|CSS|XPath\n    at new ElementNotFound (/Users/wedevs/node_modules/codeceptjs/lib/helper/errors/ElementNotFound.js:14:11)\n    at assertElementExists (/Users/wedevs/node_modules/codeceptjs/lib/helper/Puppeteer.js:2520:11)\n    at Puppeteer.proceedClick (/Users/wedevs/node_modules/codeceptjs/lib/helper/Puppeteer.js:2284:5)\n    at runMicrotasks (<anonymous>)\n    at processTicksAndRejections (internal/process/task_queues.js:93:5)",
                "diff": null
              },
              "uuid": "159bb292-2da2-4987-835e-267f58224e2d",
              "parentUUID": "ccaffaaa-fdf4-4764-89b6-2f4679471b6e",
              "isHook": false,
              "skipped": false
            }
          ],
          "suites": [],
          "passes": [],
          "failures": [
            "159bb292-2da2-4987-835e-267f58224e2d"
          ],
          "pending": [],
          "skipped": [],
          "duration": 54713,
          "root": false,
          "rootEmpty": false,
          "_timeout": 0
        },
        {
          "uuid": "43dd89fe-84ea-4744-a771-fbf956b4cce9",
          "title": "Appsero",
          "fullFile": "/Users/wedevs/Desktop/Automation/Appero Release/appsero_automation/tests/email/email_02_insert_emaildigest_invalid_test.js",
          "file": "/tests/email/email_02_insert_emaildigest_invalid_test.js",
          "beforeHooks": [
            {
              "title": "\"before all\" hook: codeceptjs.beforeSuite in \"Appsero\"",
              "fullTitle": "Appsero \"before all\" hook: codeceptjs.beforeSuite in \"Appsero\"",
              "timedOut": false,
              "duration": 0,
              "state": null,
              "speed": null,
              "pass": false,
              "fail": false,
              "pending": false,
              "context": null,
              "code": "scenario.suiteSetup(suite)",
              "err": {},
              "uuid": "17bc889a-4e89-47ba-91a9-a34731ae186e",
              "parentUUID": "43dd89fe-84ea-4744-a771-fbf956b4cce9",
              "isHook": true,
              "skipped": false
            },
            {
              "title": "\"before each\" hook: codeceptjs.before in \"Appsero\"",
              "fullTitle": "Appsero \"before each\" hook: codeceptjs.before in \"Appsero\"",
              "timedOut": false,
              "duration": 4682,
              "state": null,
              "speed": null,
              "pass": false,
              "fail": false,
              "pending": false,
              "context": null,
              "code": "scenario.setup(suite)",
              "err": {},
              "uuid": "50191b0f-d5a9-4205-9de8-9c422e55654a",
              "parentUUID": "43dd89fe-84ea-4744-a771-fbf956b4cce9",
              "isHook": true,
              "skipped": false
            }
          ],
          "afterHooks": [
            {
              "title": "\"after all\" hook: codeceptjs.afterSuite in \"Appsero\"",
              "fullTitle": "Appsero \"after all\" hook: codeceptjs.afterSuite in \"Appsero\"",
              "timedOut": false,
              "duration": 11,
              "state": null,
              "speed": null,
              "pass": false,
              "fail": false,
              "pending": false,
              "context": null,
              "code": "scenario.suiteTeardown(suite)",
              "err": {},
              "uuid": "1666cf3c-7920-4565-801d-b0acdedc231d",
              "parentUUID": "43dd89fe-84ea-4744-a771-fbf956b4cce9",
              "isHook": true,
              "skipped": false
            },
            {
              "title": "\"after each\" hook: finalize codeceptjs in \"Appsero\"",
              "fullTitle": "Appsero \"after each\" hook: finalize codeceptjs in \"Appsero\"",
              "timedOut": false,
              "duration": 165,
              "state": null,
              "speed": null,
              "pass": false,
              "fail": false,
              "pending": false,
              "context": null,
              "code": "scenario.teardown(suite)",
              "err": {},
              "uuid": "c2e026a7-f35b-44f2-8c96-30daae834ed4",
              "parentUUID": "43dd89fe-84ea-4744-a771-fbf956b4cce9",
              "isHook": true,
              "skipped": false
            }
          ],
          "tests": [
            {
              "title": "@email insert email digest Invalid @email",
              "fullTitle": "Appsero: @email insert email digest Invalid @email",
              "timedOut": false,
              "duration": 62649,
              "state": "passed",
              "speed": "slow",
              "pass": true,
              "fail": false,
              "pending": false,
              "context": null,
              "code": "I }) => {\n  I.loginAsAdmin();\n  I.amOnPage('https://staging.appsero.com/plugins');\n  I.click('envato plg test');\n  I.click('Email');\n  I.amOnPage('https://staging.appsero.com/plugins/envato-plg-test/email-digest');\n  I.click('Add Email Digest');\n  I.fillField('Send To','##'+faker.internet.email());\n  I.click('//*[@id=\"frequency\"]/div/div');\n  I.click('//div[@class=\"ant-select-dropdown-content\"]/ul[@role=\"listbox\"]/li[2]');\n  I.click('//*[@id=\"send_on\"]/div/div');\n  I.click('//div[@class=\"ant-select-dropdown-content\"]/ul[@role=\"listbox\"]/li[5]');\n  I.fillField('Digest Name','Invalid Email test');\n  I.click('Submit');\n  I.see('Invalid Email test');\n  I.say('Email verification not found');",
              "err": {},
              "uuid": "f02f5c6a-34a7-439a-9d9a-654c59210d18",
              "parentUUID": "43dd89fe-84ea-4744-a771-fbf956b4cce9",
              "isHook": false,
              "skipped": false
            }
          ],
          "suites": [],
          "passes": [
            "f02f5c6a-34a7-439a-9d9a-654c59210d18"
          ],
          "failures": [],
          "pending": [],
          "skipped": [],
          "duration": 62649,
          "root": false,
          "rootEmpty": false,
          "_timeout": 0
        },
        {
          "uuid": "5ac24edb-8086-49e8-aa73-92b8c305bd60",
          "title": "Appsero",
          "fullFile": "/Users/wedevs/Desktop/Automation/Appero Release/appsero_automation/tests/email/email_03_edit_emaildigest_test.js",
          "file": "/tests/email/email_03_edit_emaildigest_test.js",
          "beforeHooks": [
            {
              "title": "\"before all\" hook: codeceptjs.beforeSuite in \"Appsero\"",
              "fullTitle": "Appsero \"before all\" hook: codeceptjs.beforeSuite in \"Appsero\"",
              "timedOut": false,
              "duration": 0,
              "state": null,
              "speed": null,
              "pass": false,
              "fail": false,
              "pending": false,
              "context": null,
              "code": "scenario.suiteSetup(suite)",
              "err": {},
              "uuid": "4b90c266-3356-4cd8-9367-3535434a9b50",
              "parentUUID": "5ac24edb-8086-49e8-aa73-92b8c305bd60",
              "isHook": true,
              "skipped": false
            },
            {
              "title": "\"before each\" hook: codeceptjs.before in \"Appsero\"",
              "fullTitle": "Appsero \"before each\" hook: codeceptjs.before in \"Appsero\"",
              "timedOut": false,
              "duration": 3578,
              "state": null,
              "speed": null,
              "pass": false,
              "fail": false,
              "pending": false,
              "context": null,
              "code": "scenario.setup(suite)",
              "err": {},
              "uuid": "41cd1a2b-cb14-426b-9eb4-ac77831dc590",
              "parentUUID": "5ac24edb-8086-49e8-aa73-92b8c305bd60",
              "isHook": true,
              "skipped": false
            }
          ],
          "afterHooks": [
            {
              "title": "\"after all\" hook: codeceptjs.afterSuite in \"Appsero\"",
              "fullTitle": "Appsero \"after all\" hook: codeceptjs.afterSuite in \"Appsero\"",
              "timedOut": false,
              "duration": 9,
              "state": null,
              "speed": null,
              "pass": false,
              "fail": false,
              "pending": false,
              "context": null,
              "code": "scenario.suiteTeardown(suite)",
              "err": {},
              "uuid": "28f7e2c9-df2f-4ec8-b885-9825733675f1",
              "parentUUID": "5ac24edb-8086-49e8-aa73-92b8c305bd60",
              "isHook": true,
              "skipped": false
            },
            {
              "title": "\"after each\" hook: finalize codeceptjs in \"Appsero\"",
              "fullTitle": "Appsero \"after each\" hook: finalize codeceptjs in \"Appsero\"",
              "timedOut": false,
              "duration": 152,
              "state": null,
              "speed": null,
              "pass": false,
              "fail": false,
              "pending": false,
              "context": null,
              "code": "scenario.teardown(suite)",
              "err": {},
              "uuid": "f3b19f46-df8d-458f-ad20-89b48e12e73d",
              "parentUUID": "5ac24edb-8086-49e8-aa73-92b8c305bd60",
              "isHook": true,
              "skipped": false
            }
          ],
          "tests": [
            {
              "title": "@email edit email digest @email",
              "fullTitle": "Appsero: @email edit email digest @email",
              "timedOut": false,
              "duration": 55593,
              "state": "passed",
              "speed": "slow",
              "pass": true,
              "fail": false,
              "pending": false,
              "context": null,
              "code": "I }) => {\n  I.loginAsAdmin();\n  I.amOnPage('https://staging.appsero.com/plugins');\n  I.click('envato plg test');\n  I.click('Email');\n  I.amOnPage('https://staging.appsero.com/plugins/envato-plg-test/email-digest');\n  I.moveCursorTo('#app > section > section > main > div > div.plugins-list.ant-row > div:nth-child(1) > div > div > div.mr-8.ml-auto > a');\n  I.forceClick('//div[@class=\"ant-dropdown ant-dropdown-placement-bottomLeft\"]/ul[@role=\"menu\"]/li[1]/span[.=\" Edit \"]');\n  I.see('Send To');\n  I.fillField('Send To',faker.internet.email());\n  I.click('//*[@id=\"frequency\"]/div/div');\n  I.click('//div[@class=\"ant-select-dropdown-content\"]/ul[@role=\"listbox\"]/li[2]');\n  I.click('//*[@id=\"send_on\"]/div/div');\n  I.click('//div[@class=\"ant-select-dropdown-content\"]/ul[@role=\"listbox\"]/li[5]');\n  I.fillField('Digest Name','Test automation3');\n  I.click('Submit');\n  I.see('Test automation3');\n  I.say('Mail has been sent successfully.');",
              "err": {},
              "uuid": "3ba3be4d-0206-4f6f-9aef-8ecb82b27256",
              "parentUUID": "5ac24edb-8086-49e8-aa73-92b8c305bd60",
              "isHook": false,
              "skipped": false
            }
          ],
          "suites": [],
          "passes": [
            "3ba3be4d-0206-4f6f-9aef-8ecb82b27256"
          ],
          "failures": [],
          "pending": [],
          "skipped": [],
          "duration": 55593,
          "root": false,
          "rootEmpty": false,
          "_timeout": 0
        },
        {
          "uuid": "7409e45e-5f53-4a06-84ad-b9496f92563f",
          "title": "Appsero",
          "fullFile": "/Users/wedevs/Desktop/Automation/Appero Release/appsero_automation/tests/email/email_04_send_sendnowemail_test.js",
          "file": "/tests/email/email_04_send_sendnowemail_test.js",
          "beforeHooks": [
            {
              "title": "\"before all\" hook: codeceptjs.beforeSuite in \"Appsero\"",
              "fullTitle": "Appsero \"before all\" hook: codeceptjs.beforeSuite in \"Appsero\"",
              "timedOut": false,
              "duration": 0,
              "state": null,
              "speed": null,
              "pass": false,
              "fail": false,
              "pending": false,
              "context": null,
              "code": "scenario.suiteSetup(suite)",
              "err": {},
              "uuid": "8eb72ca3-9d76-45ed-8977-371961c9c61f",
              "parentUUID": "7409e45e-5f53-4a06-84ad-b9496f92563f",
              "isHook": true,
              "skipped": false
            },
            {
              "title": "\"before each\" hook: codeceptjs.before in \"Appsero\"",
              "fullTitle": "Appsero \"before each\" hook: codeceptjs.before in \"Appsero\"",
              "timedOut": false,
              "duration": 3570,
              "state": null,
              "speed": null,
              "pass": false,
              "fail": false,
              "pending": false,
              "context": null,
              "code": "scenario.setup(suite)",
              "err": {},
              "uuid": "8e7a81ce-82bd-4f84-b81d-c019530f7c1b",
              "parentUUID": "7409e45e-5f53-4a06-84ad-b9496f92563f",
              "isHook": true,
              "skipped": false
            }
          ],
          "afterHooks": [
            {
              "title": "\"after all\" hook: codeceptjs.afterSuite in \"Appsero\"",
              "fullTitle": "Appsero \"after all\" hook: codeceptjs.afterSuite in \"Appsero\"",
              "timedOut": false,
              "duration": 18,
              "state": null,
              "speed": null,
              "pass": false,
              "fail": false,
              "pending": false,
              "context": null,
              "code": "scenario.suiteTeardown(suite)",
              "err": {},
              "uuid": "9856414d-e344-4124-b123-4deed24abcfa",
              "parentUUID": "7409e45e-5f53-4a06-84ad-b9496f92563f",
              "isHook": true,
              "skipped": false
            },
            {
              "title": "\"after each\" hook: finalize codeceptjs in \"Appsero\"",
              "fullTitle": "Appsero \"after each\" hook: finalize codeceptjs in \"Appsero\"",
              "timedOut": false,
              "duration": 165,
              "state": null,
              "speed": null,
              "pass": false,
              "fail": false,
              "pending": false,
              "context": null,
              "code": "scenario.teardown(suite)",
              "err": {},
              "uuid": "56dd36fb-eb48-4475-b3fb-2329d9182dbf",
              "parentUUID": "7409e45e-5f53-4a06-84ad-b9496f92563f",
              "isHook": true,
              "skipped": false
            }
          ],
          "tests": [
            {
              "title": "@email send now email digest @email",
              "fullTitle": "Appsero: @email send now email digest @email",
              "timedOut": false,
              "duration": 56991,
              "state": "passed",
              "speed": "slow",
              "pass": true,
              "fail": false,
              "pending": false,
              "context": null,
              "code": "I }) => {\n  I.loginAsAdmin();\n  I.amOnPage('https://staging.appsero.com/plugins');\n  I.click('envato plg test');\n  I.click('Email');\n  I.amOnPage('https://staging.appsero.com/plugins/envato-plg-test/email-digest');\n  I.wait(2);\n  I.moveCursorTo('#app > section > section > main > div > div.plugins-list.ant-row > div:nth-child(1) > div > div > div.mr-8.ml-auto > a');\n  I.wait(2);\n  I.forceClick('li:nth-of-type(3) > span');\n  I.wait(2);\n  var msg='Mail has been sent successfully.';\n  I.see(msg);",
              "err": {},
              "uuid": "b4914e48-5d1b-448b-a7ae-769f288d5407",
              "parentUUID": "7409e45e-5f53-4a06-84ad-b9496f92563f",
              "isHook": false,
              "skipped": false
            }
          ],
          "suites": [],
          "passes": [
            "b4914e48-5d1b-448b-a7ae-769f288d5407"
          ],
          "failures": [],
          "pending": [],
          "skipped": [],
          "duration": 56991,
          "root": false,
          "rootEmpty": false,
          "_timeout": 0
        },
        {
          "uuid": "fa09c562-6650-4280-8d77-dc2203bb4cc1",
          "title": "Appsero",
          "fullFile": "/Users/wedevs/Desktop/Automation/Appero Release/appsero_automation/tests/email/email_05_pause_test.js",
          "file": "/tests/email/email_05_pause_test.js",
          "beforeHooks": [
            {
              "title": "\"before all\" hook: codeceptjs.beforeSuite in \"Appsero\"",
              "fullTitle": "Appsero \"before all\" hook: codeceptjs.beforeSuite in \"Appsero\"",
              "timedOut": false,
              "duration": 0,
              "state": null,
              "speed": null,
              "pass": false,
              "fail": false,
              "pending": false,
              "context": null,
              "code": "scenario.suiteSetup(suite)",
              "err": {},
              "uuid": "1d41f012-98a5-45db-9716-43efb660693e",
              "parentUUID": "fa09c562-6650-4280-8d77-dc2203bb4cc1",
              "isHook": true,
              "skipped": false
            },
            {
              "title": "\"before each\" hook: codeceptjs.before in \"Appsero\"",
              "fullTitle": "Appsero \"before each\" hook: codeceptjs.before in \"Appsero\"",
              "timedOut": false,
              "duration": 3531,
              "state": null,
              "speed": null,
              "pass": false,
              "fail": false,
[...]
          "root": false,
          "rootEmpty": false,
          "_timeout": 0
        },
        {
          "uuid": "04c09fdd-0e70-49cb-af41-5a9e87448e97",
          "title": "Appsero",
          "fullFile": "/Users/wedevs/Desktop/Automation/Appero Release/appsero_automation/tests/team/team_03addproject_test.js",
          "file": "/tests/team/team_03addproject_test.js",
          "beforeHooks": [
            {
              "title": "\"before all\" hook: codeceptjs.beforeSuite",
              "fullTitle": "Appsero \"before all\" hook: codeceptjs.beforeSuite",
              "timedOut": false,
              "duration": 0,
              "state": null,
              "speed": null,
              "pass": false,
              "fail": false,
              "pending": false,
              "context": null,
              "code": "scenario.suiteSetup(suite)",
              "err": {},
              "uuid": "dbfe8466-4e03-46f1-a793-d557813bd38e",
              "parentUUID": null,
              "isHook": true,
              "skipped": false
            },
            {
              "title": "\"before each\" hook: codeceptjs.before",
              "fullTitle": "Appsero \"before each\" hook: codeceptjs.before",
              "timedOut": false,
              "duration": 0,
              "state": null,
              "speed": null,
              "pass": false,
              "fail": false,
              "pending": false,
              "context": null,
              "code": "scenario.setup(suite)",
              "err": {},
              "uuid": "0e509b45-1c38-4480-a39b-9a5b4c5ad2bb",
              "parentUUID": null,
              "isHook": true,
              "skipped": false
            }
          ],
          "afterHooks": [
            {
              "title": "\"after all\" hook: codeceptjs.afterSuite",
              "fullTitle": "Appsero \"after all\" hook: codeceptjs.afterSuite",
              "timedOut": false,
              "duration": 0,
              "state": null,
              "speed": null,
              "pass": false,
              "fail": false,
              "pending": false,
              "context": null,
              "code": "scenario.suiteTeardown(suite)",
              "err": {},
              "uuid": "1a3cd6d4-ee37-4a5e-9d4e-7c1a5eb00953",
              "parentUUID": null,
              "isHook": true,
              "skipped": false
            },
            {
              "title": "\"after each\" hook: finalize codeceptjs",
              "fullTitle": "Appsero \"after each\" hook: finalize codeceptjs",
              "timedOut": false,
              "duration": 0,
              "state": null,
              "speed": null,
              "pass": false,
              "fail": false,
              "pending": false,
              "context": null,
              "code": "scenario.teardown(suite)",
              "err": {},
              "uuid": "088311c9-9aca-4e1f-8d0a-34cbe081a465",
              "parentUUID": null,
              "isHook": true,
              "skipped": false
            }
          ],
          "tests": [
            {
              "title": "Team add project @team",
              "fullTitle": "Appsero: Team add project @team",
              "timedOut": false,
              "duration": 0,
              "state": null,
              "speed": null,
              "pass": false,
              "fail": false,
              "pending": false,
              "context": null,
              "code": "I }) => {\n  I.amOnPage('https://staging.appsero.com/login');\n  I.fillField('Email Address', 'alvitazwar@wedevs.com');\n  I.fillField('Password','crisis052');\n  I.click('Log in');\n  I.see('Plugins');\n  //I.click('//*[@id=\"app\"]/section/section/header/div[2]/a');\n  //I.click('Teams');\n  I.amOnPage('https://staging.appsero.com/teams');\n  I.click('Automated team');\n  I.refreshPage();\n  //I.click('Projects');\n  I.click('//*[@id=\"app\"]//div/div[1]/ul/li[4]/a');\n  //I.amOnPage('https://staging.appsero.com/teams/31/projects');\n  I.waitForElement('//*[@id=\"app\"]/section/section/main/div/div[2]/div/div/div[1]/div/div/div/div[2]', 30);\n  I.click('//*[@id=\"app\"]/section/section/main/div/div[2]/div/div/div[1]/div/div/div/div[2]');\n  I.fillField('//*[@id=\"app\"]/section/section/main/div/div[2]/div/div/div[1]/div/div/div/div[3]/div/input','ww');\n  //I.waitForElement('//*[@id=\"app\"]/section/section/main/div/div[2]/div/div/div[1]/div/div/div/div[3]/div/input',30);\n//  I.click('//*[@id=\"app\"]/section/section/main/div/div[2]/div/div/div[1]/div/div/div/div[3]/div/input');\n  I.pressKey(\"Enter\");\n  I.refreshPage();\n  I.see('ww');",
              "err": {},
              "uuid": "83d571dc-519f-4c41-a053-e4001fe3c61b",
              "parentUUID": null,
              "isHook": false,
              "skipped": true
            }
          ],
          "suites": [],
          "passes": [],
          "failures": [],
          "pending": [],
          "skipped": [
            "83d571dc-519f-4c41-a053-e4001fe3c61b"
          ],
          "duration": 0,
          "root": false,
          "rootEmpty": false,
          "_timeout": 0
        },
        {
          "uuid": "11198538-c413-4507-b8e8-2a63cc379644",
          "title": "Appsero",
          "fullFile": "/Users/wedevs/Desktop/Automation/Appero Release/appsero_automation/tests/team/team_04remove_member_test.js",
          "file": "/tests/team/team_04remove_member_test.js",
          "beforeHooks": [
            {
              "title": "\"before all\" hook: codeceptjs.beforeSuite",
              "fullTitle": "Appsero \"before all\" hook: codeceptjs.beforeSuite",
              "timedOut": false,
              "duration": 0,
              "state": null,
              "speed": null,
              "pass": false,
              "fail": false,
              "pending": false,
              "context": null,
              "code": "scenario.suiteSetup(suite)",
              "err": {},
              "uuid": "d59202dc-004b-4eff-8d23-a9c53bca41db",
              "parentUUID": null,
              "isHook": true,
              "skipped": false
            },
            {
              "title": "\"before each\" hook: codeceptjs.before",
              "fullTitle": "Appsero \"before each\" hook: codeceptjs.before",
              "timedOut": false,
              "duration": 0,
              "state": null,
              "speed": null,
              "pass": false,
              "fail": false,
              "pending": false,
              "context": null,
              "code": "scenario.setup(suite)",
              "err": {},
              "uuid": "f2fcb6c1-8873-4834-88ee-98553dca6813",
              "parentUUID": null,
              "isHook": true,
              "skipped": false
            }
          ],
          "afterHooks": [
            {
              "title": "\"after all\" hook: codeceptjs.afterSuite",
              "fullTitle": "Appsero \"after all\" hook: codeceptjs.afterSuite",
              "timedOut": false,
              "duration": 0,
              "state": null,
              "speed": null,
              "pass": false,
              "fail": false,
              "pending": false,
              "context": null,
              "code": "scenario.suiteTeardown(suite)",
              "err": {},
              "uuid": "d2ff36a1-6cd3-437f-92e8-bc8c663897b2",
              "parentUUID": null,
              "isHook": true,
              "skipped": false
            },
            {
              "title": "\"after each\" hook: finalize codeceptjs",
              "fullTitle": "Appsero \"after each\" hook: finalize codeceptjs",
              "timedOut": false,
              "duration": 0,
              "state": null,
              "speed": null,
              "pass": false,
              "fail": false,
              "pending": false,
              "context": null,
              "code": "scenario.teardown(suite)",
              "err": {},
              "uuid": "0132d81c-6c3b-4f2d-ae30-2fe0ee651d10",
              "parentUUID": null,
              "isHook": true,
              "skipped": false
            }
          ],
          "tests": [
            {
              "title": "Team remove team member @team",
              "fullTitle": "Appsero: Team remove team member @team",
              "timedOut": false,
              "duration": 0,
              "state": null,
              "speed": null,
              "pass": false,
              "fail": false,
              "pending": false,
              "context": null,
              "code": "I }) => {\n  I.amOnPage('https://staging.appsero.com/login');\n  I.fillField('Email Address', 'alvitazwar@wedevs.com');\n  I.fillField('Password','crisis052');\n  I.click('Log in');\n  I.see('Plugins');\n  //I.click('//*[@id=\"app\"]/section/section/header/div[2]/a');\n  //I.click('Teams');\n  I.amOnPage('https://staging.appsero.com/teams');\n  I.click('Automated team');\n  I.refreshPage();\n  //I.click('Projects');\n  //I.amOnPage('https://staging.appsero.com/teams/31/projects');\n  //I.waitForElement('//*[@id=\"app\"]/section/section/main/div/div[2]/div/div/div[1]/div/div/div/div[2]', 30);\n  I.moveCursorTo('#app > section > section > main > div > div.member-inner-page.page-content > div > div > div:nth-child(2) > div:nth-child(1) > div > div > div.mr-8.ml-auto > a > i');\n  I.click('Remove');\n  //I.selectOption('Role', 'manager');\n  I.click('Yes');\n  //I.pressKey(\"Enter\");\n  I.dontSee('Saif');",
              "err": {},
              "uuid": "18c3a67a-f6ce-47bb-9df2-000126b40f4d",
              "parentUUID": null,
              "isHook": false,
              "skipped": true
            }
          ],
          "suites": [],
          "passes": [],
          "failures": [],
          "pending": [],
          "skipped": [
            "18c3a67a-f6ce-47bb-9df2-000126b40f4d"
          ],
          "duration": 0,
          "root": false,
          "rootEmpty": false,
          "_timeout": 0
        },
        {
          "uuid": "d2ff5551-39d6-4721-945a-ecc25a4ab0b4",
          "title": "Appsero",
          "fullFile": "/Users/wedevs/Desktop/Automation/Appero Release/appsero_automation/tests/team/team_05project_delete_test.js",
          "file": "/tests/team/team_05project_delete_test.js",
          "beforeHooks": [
            {
              "title": "\"before all\" hook: codeceptjs.beforeSuite",
              "fullTitle": "Appsero \"before all\" hook: codeceptjs.beforeSuite",
              "timedOut": false,
              "duration": 0,
              "state": null,
              "speed": null,
              "pass": false,
              "fail": false,
              "pending": false,
              "context": null,
              "code": "scenario.suiteSetup(suite)",
              "err": {},
              "uuid": "7e1386ee-0244-410d-85a8-5beb8a9db8f0",
              "parentUUID": null,
              "isHook": true,
              "skipped": false
            },
            {
              "title": "\"before each\" hook: codeceptjs.before",
              "fullTitle": "Appsero \"before each\" hook: codeceptjs.before",
              "timedOut": false,
              "duration": 0,
              "state": null,
              "speed": null,
              "pass": false,
              "fail": false,
              "pending": false,
              "context": null,
              "code": "scenario.setup(suite)",
              "err": {},
              "uuid": "cedf9f88-93b4-4b1c-8dd5-6e1069b35fbe",
              "parentUUID": null,
              "isHook": true,
              "skipped": false
            }
          ],
          "afterHooks": [
            {
              "title": "\"after all\" hook: codeceptjs.afterSuite",
              "fullTitle": "Appsero \"after all\" hook: codeceptjs.afterSuite",
              "timedOut": false,
              "duration": 0,
              "state": null,
              "speed": null,
              "pass": false,
              "fail": false,
              "pending": false,
              "context": null,
              "code": "scenario.suiteTeardown(suite)",
              "err": {},
              "uuid": "0215a90c-94c7-4c0a-8865-ce733d7db57b",
              "parentUUID": null,
              "isHook": true,
              "skipped": false
            },
            {
              "title": "\"after each\" hook: finalize codeceptjs",
              "fullTitle": "Appsero \"after each\" hook: finalize codeceptjs",
              "timedOut": false,
              "duration": 0,
              "state": null,
              "speed": null,
              "pass": false,
              "fail": false,
              "pending": false,
              "context": null,
              "code": "scenario.teardown(suite)",
              "err": {},
              "uuid": "d4180792-b3c1-4e35-9067-145f331fed4b",
              "parentUUID": null,
              "isHook": true,
              "skipped": false
            }
          ],
          "tests": [
            {
              "title": "Team project delete @team",
              "fullTitle": "Appsero: Team project delete @team",
              "timedOut": false,
              "duration": 0,
              "state": null,
              "speed": null,
              "pass": false,
              "fail": false,
              "pending": false,
              "context": null,
              "code": "I }) => {\n  I.amOnPage('https://staging.appsero.com/login');\n  I.fillField('Email Address', 'alvitazwar@wedevs.com');\n  I.fillField('Password','crisis052');\n  I.click('Log in');\n  I.see('Plugins');\n  //I.click('//*[@id=\"app\"]/section/section/header/div[2]/a');\n  //I.click('Teams');\n  I.amOnPage('https://staging.appsero.com/teams');\n  I.click('Automated team');\n  I.refreshPage();\n  //I.click('//*[@id=\"app\"]//main//div[2]/div[2]/div//div[3]/a');\n  //I.waitForElement('/html/body/div[3]/div/div/ul/li/span',30);\n  I.click('Projects');\n  //I.waitForElement('//div[@class=\"ant-dropdown ant-dropdown-placement-bottomRight\"]/ul[@role=\"menu\"]/li[@role=\"menuitem\"]/span[.=\" Remove \"]',30);\n  I.moveCursorTo('#app > section > section > main > div > div.project-inner-page.page-content > div > div > div:nth-child(2) > div > div > div > div.mr-8.ml-auto > a > i > svg');\n  I.click('Remove');\n  I.click('Yes');\n  I.dontSee('ww');",
              "err": {},
              "uuid": "b9dbeb49-80fb-4aea-a059-747aef5350a0",
              "parentUUID": null,
              "isHook": false,
              "skipped": true
            }
          ],
          "suites": [],
          "passes": [],
          "failures": [],
          "pending": [],
          "skipped": [
            "b9dbeb49-80fb-4aea-a059-747aef5350a0"
          ],
          "duration": 0,
          "root": false,
          "rootEmpty": false,
          "_timeout": 0
        },
        {
          "uuid": "e088cb40-f13e-4696-ada4-b8ccaa81e081",
          "title": "Appsero",
          "fullFile": "/Users/wedevs/Desktop/Automation/Appero Release/appsero_automation/tests/team/team_06delete_test.js",
          "file": "/tests/team/team_06delete_test.js",
          "beforeHooks": [
            {
              "title": "\"before all\" hook: codeceptjs.beforeSuite",
              "fullTitle": "Appsero \"before all\" hook: codeceptjs.beforeSuite",
              "timedOut": false,
              "duration": 0,
              "state": null,
              "speed": null,
              "pass": false,
              "fail": false,
              "pending": false,
              "context": null,
              "code": "scenario.suiteSetup(suite)",
              "err": {},
              "uuid": "97067ed4-8cb7-4024-b69b-07c644ce5bf7",
              "parentUUID": null,
              "isHook": true,
              "skipped": false
            },
            {
              "title": "\"before each\" hook: codeceptjs.before",
              "fullTitle": "Appsero \"before each\" hook: codeceptjs.before",
              "timedOut": false,
              "duration": 0,
              "state": null,
              "speed": null,
              "pass": false,
              "fail": false,
              "pending": false,
              "context": null,
              "code": "scenario.setup(suite)",
              "err": {},
              "uuid": "41142d52-93ef-4434-bd6d-e8852ea4a21e",
              "parentUUID": null,
              "isHook": true,
              "skipped": false
            }
          ],
          "afterHooks": [
            {
              "title": "\"after all\" hook: codeceptjs.afterSuite",
              "fullTitle": "Appsero \"after all\" hook: codeceptjs.afterSuite",
              "timedOut": false,
              "duration": 0,
              "state": null,
              "speed": null,
              "pass": false,
              "fail": false,
              "pending": false,
              "context": null,
              "code": "scenario.suiteTeardown(suite)",
              "err": {},
              "uuid": "33c25d1e-c1d6-46af-9057-cce2e2fb5127",
              "parentUUID": null,
              "isHook": true,
              "skipped": false
            },
            {
              "title": "\"after each\" hook: finalize codeceptjs",
              "fullTitle": "Appsero \"after each\" hook: finalize codeceptjs",
              "timedOut": false,
              "duration": 0,
              "state": null,
              "speed": null,
              "pass": false,
              "fail": false,
              "pending": false,
              "context": null,
              "code": "scenario.teardown(suite)",
              "err": {},
              "uuid": "094341f7-24d1-4342-8ce1-0423837dfab0",
              "parentUUID": null,
              "isHook": true,
              "skipped": false
            }
          ],
          "tests": [
            {
              "title": "Team  delete @team",
              "fullTitle": "Appsero: Team  delete @team",
              "timedOut": false,
              "duration": 0,
              "state": null,
              "speed": null,
              "pass": false,
              "fail": false,
              "pending": false,
              "context": null,
              "code": "I }) => {\n  I.amOnPage('https://staging.appsero.com/login');\n  I.fillField('Email Address', 'alvitazwar@wedevs.com');\n  I.fillField('Password','crisis052');\n  I.click('Log in');\n  I.see('Plugins');\n  I.click('//*[@id=\"app\"]/section/section/header/div[2]/a');\n  I.click('Teams');\n  I.click('Automated team');\n  I.refreshPage();\n  //I.amOnPage('https://staging.appsero.com/teams/43/members');\n  I.click('Settings');\n  //I.waitForElement('/html/body/div[3]/div/div/ul/li/span',30);\n  //I.click('Delete Team');\n  I.click('//*[@id=\"app\"]//div/form/div[4]/button[1]');\n  I.click('.ant-btn-primary.ant-btn-sm');\n  I.dontSee('Automated team');",
              "err": {},
              "uuid": "d7c63c2d-f430-4fd7-afe3-00f6fcefda5e",
              "parentUUID": null,
              "isHook": false,
              "skipped": true
            }
          ],
          "suites": [],
          "passes": [],
          "failures": [],
          "pending": [],
          "skipped": [
            "d7c63c2d-f430-4fd7-afe3-00f6fcefda5e"
          ],
          "duration": 0,
          "root": false,
          "rootEmpty": false,
          "_timeout": 0
        }
      ],
      "passes": [],
      "failures": [],
      "pending": [],
      "skipped": [],
      "duration": 0,
      "root": true,
      "rootEmpty": true,
      "_timeout": 0
    }
  ],
  "meta": {
    "mocha": {
      "version": "8.2.1"
    },
    "mochawesome": {
      "options": {
        "quiet": false,
        "reportFilename": "mochawesome",
        "saveHtml": true,
        "saveJson": true,
        "consoleReporter": "spec",
        "useInlineDiffs": false,
        "code": true
      },
      "version": "6.2.1"
    },
    "marge": {
      "options": {
        "mochaFile": "output/result.xml"
      },
      "version": "5.1.0"
    }
  }
}